<?xml version="1.0" encoding="UTF-8"?>
<!-- Generated by org.testng.reporters.JUnitReportReporter -->
<testsuite hostname="Fatimahs-MacBook-Pro.local" failures="0" tests="1" name="modules.SignUp" time="31.008" errors="0" timestamp="2022-02-21T12:16:45 WAT" skipped="0">
  <testcase classname="modules.SignUp" name="SignUpTest" time="31.008"/>
  <system-out/>
</testsuite> <!-- modules.SignUp -->
